12:53:52.322 INFO  [http-nio-8080-exec-3] - LOGIN SUCCESSFUL [UsernamePasswordAuthenticationToken] - user1
12:55:03.702 INFO  [http-nio-8080-exec-1] - LOGIN SUCCESSFUL [UsernamePasswordAuthenticationToken] - user1
12:57:57.558 INFO  [http-nio-8080-exec-1] - **************************************************************
12:57:57.558 INFO  [http-nio-8080-exec-1] - HTTP REQUEST
12:57:57.559 INFO  [http-nio-8080-exec-1] - 	GET http://localhost:8080/
12:57:57.559 INFO  [http-nio-8080-exec-1] - HEADER:
12:57:57.560 INFO  [http-nio-8080-exec-1] - 	host:localhost:8080
12:57:57.560 INFO  [http-nio-8080-exec-1] - 	connection:keep-alive
12:57:57.560 INFO  [http-nio-8080-exec-1] - 	sec-ch-ua:"Not/A)Brand";v="99", "Google Chrome";v="115", "Chromium";v="115"
12:57:57.561 INFO  [http-nio-8080-exec-1] - 	sec-ch-ua-mobile:?0
12:57:57.561 INFO  [http-nio-8080-exec-1] - 	sec-ch-ua-platform:"Windows"
12:57:57.562 INFO  [http-nio-8080-exec-1] - 	upgrade-insecure-requests:1
12:57:57.562 INFO  [http-nio-8080-exec-1] - 	user-agent:Mozilla/5.0 (Windows NT 10.0; Win64; x64) AppleWebKit/537.36 (KHTML, like Gecko) Chrome/115.0.0.0 Safari/537.36
12:57:57.562 INFO  [http-nio-8080-exec-1] - 	accept:text/html,application/xhtml+xml,application/xml;q=0.9,image/avif,image/webp,image/apng,*/*;q=0.8,application/signed-exchange;v=b3;q=0.7
12:57:57.562 INFO  [http-nio-8080-exec-1] - 	sec-fetch-site:none
12:57:57.562 INFO  [http-nio-8080-exec-1] - 	sec-fetch-mode:navigate
12:57:57.562 INFO  [http-nio-8080-exec-1] - 	sec-fetch-user:?1
12:57:57.562 INFO  [http-nio-8080-exec-1] - 	sec-fetch-dest:document
12:57:57.562 INFO  [http-nio-8080-exec-1] - 	accept-encoding:gzip, deflate, br
12:57:57.562 INFO  [http-nio-8080-exec-1] - 	accept-language:en-US,en;q=0.9
12:57:57.562 INFO  [http-nio-8080-exec-1] - 	cookie:Bearer=eyJhbGciOiJIUzM4NCJ9.eyJzdWIiOiJ1c2VyMSIsImlhdCI6MTY5MjA2MDgzMiwiZXhwIjoxNjkyNjY1NjMyfQ.vjHWgR6dd7Nd922my1MxL4Q73TYlNQgtPX4gVgq2XiyoNV2CB3nL0hvGLN_KxhV-
12:57:57.562 INFO  [http-nio-8080-exec-1] - BODY:
12:57:57.562 INFO  [http-nio-8080-exec-1] - **************************************************************
12:57:57.952 INFO  [http-nio-8080-exec-2] - **************************************************************
12:57:57.952 INFO  [http-nio-8080-exec-2] - HTTP REQUEST
12:57:57.952 INFO  [http-nio-8080-exec-2] - 	GET http://localhost:8080/css/google-web-font.css
12:57:57.952 INFO  [http-nio-8080-exec-2] - HEADER:
12:57:57.952 INFO  [http-nio-8080-exec-2] - 	host:localhost:8080
12:57:57.953 INFO  [http-nio-8080-exec-2] - 	connection:keep-alive
12:57:57.953 INFO  [http-nio-8080-exec-2] - 	sec-ch-ua:"Not/A)Brand";v="99", "Google Chrome";v="115", "Chromium";v="115"
12:57:57.953 INFO  [http-nio-8080-exec-2] - 	sec-ch-ua-mobile:?0
12:57:57.953 INFO  [http-nio-8080-exec-2] - 	user-agent:Mozilla/5.0 (Windows NT 10.0; Win64; x64) AppleWebKit/537.36 (KHTML, like Gecko) Chrome/115.0.0.0 Safari/537.36
12:57:57.953 INFO  [http-nio-8080-exec-2] - 	sec-ch-ua-platform:"Windows"
12:57:57.953 INFO  [http-nio-8080-exec-2] - 	accept:text/css,*/*;q=0.1
12:57:57.954 INFO  [http-nio-8080-exec-2] - 	sec-fetch-site:same-origin
12:57:57.954 INFO  [http-nio-8080-exec-2] - 	sec-fetch-mode:no-cors
12:57:57.954 INFO  [http-nio-8080-exec-2] - 	sec-fetch-dest:style
12:57:57.954 INFO  [http-nio-8080-exec-2] - 	referer:http://localhost:8080/
12:57:57.954 INFO  [http-nio-8080-exec-2] - 	accept-encoding:gzip, deflate, br
12:57:57.954 INFO  [http-nio-8080-exec-2] - 	accept-language:en-US,en;q=0.9
12:57:57.954 INFO  [http-nio-8080-exec-2] - 	cookie:Bearer=eyJhbGciOiJIUzM4NCJ9.eyJzdWIiOiJ1c2VyMSIsImlhdCI6MTY5MjA2MDgzMiwiZXhwIjoxNjkyNjY1NjMyfQ.vjHWgR6dd7Nd922my1MxL4Q73TYlNQgtPX4gVgq2XiyoNV2CB3nL0hvGLN_KxhV-
12:57:57.954 INFO  [http-nio-8080-exec-2] - BODY:
12:57:57.954 INFO  [http-nio-8080-exec-2] - **************************************************************
12:57:57.956 INFO  [http-nio-8080-exec-3] - **************************************************************
12:57:57.956 INFO  [http-nio-8080-exec-3] - HTTP REQUEST
12:57:57.957 INFO  [http-nio-8080-exec-3] - 	GET http://localhost:8080/lib/animate/animate.min.css
12:57:57.957 INFO  [http-nio-8080-exec-3] - HEADER:
12:57:57.957 INFO  [http-nio-8080-exec-3] - 	host:localhost:8080
12:57:57.957 INFO  [http-nio-8080-exec-3] - 	connection:keep-alive
12:57:57.957 INFO  [http-nio-8080-exec-3] - 	sec-ch-ua:"Not/A)Brand";v="99", "Google Chrome";v="115", "Chromium";v="115"
12:57:57.957 INFO  [http-nio-8080-exec-3] - 	sec-ch-ua-mobile:?0
12:57:57.957 INFO  [http-nio-8080-exec-3] - 	user-agent:Mozilla/5.0 (Windows NT 10.0; Win64; x64) AppleWebKit/537.36 (KHTML, like Gecko) Chrome/115.0.0.0 Safari/537.36
12:57:57.958 INFO  [http-nio-8080-exec-3] - 	sec-ch-ua-platform:"Windows"
12:57:57.958 INFO  [http-nio-8080-exec-3] - 	accept:text/css,*/*;q=0.1
12:57:57.958 INFO  [http-nio-8080-exec-3] - 	sec-fetch-site:same-origin
12:57:57.958 INFO  [http-nio-8080-exec-3] - 	sec-fetch-mode:no-cors
12:57:57.958 INFO  [http-nio-8080-exec-3] - 	sec-fetch-dest:style
12:57:57.958 INFO  [http-nio-8080-exec-3] - 	referer:http://localhost:8080/
12:57:57.958 INFO  [http-nio-8080-exec-3] - 	accept-encoding:gzip, deflate, br
12:57:57.958 INFO  [http-nio-8080-exec-3] - 	accept-language:en-US,en;q=0.9
12:57:57.959 INFO  [http-nio-8080-exec-3] - 	cookie:Bearer=eyJhbGciOiJIUzM4NCJ9.eyJzdWIiOiJ1c2VyMSIsImlhdCI6MTY5MjA2MDgzMiwiZXhwIjoxNjkyNjY1NjMyfQ.vjHWgR6dd7Nd922my1MxL4Q73TYlNQgtPX4gVgq2XiyoNV2CB3nL0hvGLN_KxhV-
12:57:57.959 INFO  [http-nio-8080-exec-3] - BODY:
12:57:57.959 INFO  [http-nio-8080-exec-3] - **************************************************************
12:57:57.960 INFO  [http-nio-8080-exec-4] - **************************************************************
12:57:57.960 INFO  [http-nio-8080-exec-4] - HTTP REQUEST
12:57:57.960 INFO  [http-nio-8080-exec-4] - 	GET http://localhost:8080/lib/owlcarousel/assets/owl.carousel.min.css
12:57:57.960 INFO  [http-nio-8080-exec-4] - HEADER:
12:57:57.960 INFO  [http-nio-8080-exec-4] - 	host:localhost:8080
12:57:57.960 INFO  [http-nio-8080-exec-4] - 	connection:keep-alive
12:57:57.960 INFO  [http-nio-8080-exec-4] - 	sec-ch-ua:"Not/A)Brand";v="99", "Google Chrome";v="115", "Chromium";v="115"
12:57:57.960 INFO  [http-nio-8080-exec-4] - 	sec-ch-ua-mobile:?0
12:57:57.961 INFO  [http-nio-8080-exec-4] - 	user-agent:Mozilla/5.0 (Windows NT 10.0; Win64; x64) AppleWebKit/537.36 (KHTML, like Gecko) Chrome/115.0.0.0 Safari/537.36
12:57:57.961 INFO  [http-nio-8080-exec-4] - 	sec-ch-ua-platform:"Windows"
12:57:57.961 INFO  [http-nio-8080-exec-5] - **************************************************************
12:57:57.961 INFO  [http-nio-8080-exec-5] - HTTP REQUEST
12:57:57.961 INFO  [http-nio-8080-exec-5] - 	GET http://localhost:8080/css/bootstrap.min.css
12:57:57.961 INFO  [http-nio-8080-exec-4] - 	accept:text/css,*/*;q=0.1
12:57:57.961 INFO  [http-nio-8080-exec-5] - HEADER:
12:57:57.961 INFO  [http-nio-8080-exec-4] - 	sec-fetch-site:same-origin
12:57:57.962 INFO  [http-nio-8080-exec-4] - 	sec-fetch-mode:no-cors
12:57:57.962 INFO  [http-nio-8080-exec-5] - 	host:localhost:8080
12:57:57.962 INFO  [http-nio-8080-exec-4] - 	sec-fetch-dest:style
12:57:57.962 INFO  [http-nio-8080-exec-5] - 	connection:keep-alive
12:57:57.962 INFO  [http-nio-8080-exec-4] - 	referer:http://localhost:8080/
12:57:57.962 INFO  [http-nio-8080-exec-5] - 	sec-ch-ua:"Not/A)Brand";v="99", "Google Chrome";v="115", "Chromium";v="115"
12:57:57.962 INFO  [http-nio-8080-exec-6] - **************************************************************
12:57:57.962 INFO  [http-nio-8080-exec-5] - 	sec-ch-ua-mobile:?0
12:57:57.962 INFO  [http-nio-8080-exec-6] - HTTP REQUEST
12:57:57.962 INFO  [http-nio-8080-exec-4] - 	accept-encoding:gzip, deflate, br
12:57:57.962 INFO  [http-nio-8080-exec-5] - 	user-agent:Mozilla/5.0 (Windows NT 10.0; Win64; x64) AppleWebKit/537.36 (KHTML, like Gecko) Chrome/115.0.0.0 Safari/537.36
12:57:57.962 INFO  [http-nio-8080-exec-6] - 	GET http://localhost:8080/css/style2.css
12:57:57.962 INFO  [http-nio-8080-exec-5] - 	sec-ch-ua-platform:"Windows"
12:57:57.962 INFO  [http-nio-8080-exec-4] - 	accept-language:en-US,en;q=0.9
12:57:57.962 INFO  [http-nio-8080-exec-6] - HEADER:
12:57:57.963 INFO  [http-nio-8080-exec-4] - 	cookie:Bearer=eyJhbGciOiJIUzM4NCJ9.eyJzdWIiOiJ1c2VyMSIsImlhdCI6MTY5MjA2MDgzMiwiZXhwIjoxNjkyNjY1NjMyfQ.vjHWgR6dd7Nd922my1MxL4Q73TYlNQgtPX4gVgq2XiyoNV2CB3nL0hvGLN_KxhV-
12:57:57.963 INFO  [http-nio-8080-exec-6] - 	host:localhost:8080
12:57:57.962 INFO  [http-nio-8080-exec-5] - 	accept:text/css,*/*;q=0.1
12:57:57.963 INFO  [http-nio-8080-exec-4] - BODY:
12:57:57.963 INFO  [http-nio-8080-exec-6] - 	connection:keep-alive
12:57:57.963 INFO  [http-nio-8080-exec-4] - **************************************************************
12:57:57.963 INFO  [http-nio-8080-exec-5] - 	sec-fetch-site:same-origin
12:57:57.963 INFO  [http-nio-8080-exec-6] - 	sec-ch-ua:"Not/A)Brand";v="99", "Google Chrome";v="115", "Chromium";v="115"
12:57:57.963 INFO  [http-nio-8080-exec-5] - 	sec-fetch-mode:no-cors
12:57:57.963 INFO  [http-nio-8080-exec-5] - 	sec-fetch-dest:style
12:57:57.963 INFO  [http-nio-8080-exec-7] - **************************************************************
12:57:57.963 INFO  [http-nio-8080-exec-7] - HTTP REQUEST
12:57:57.963 INFO  [http-nio-8080-exec-5] - 	referer:http://localhost:8080/
12:57:57.963 INFO  [http-nio-8080-exec-6] - 	sec-ch-ua-mobile:?0
12:57:57.964 INFO  [http-nio-8080-exec-6] - 	user-agent:Mozilla/5.0 (Windows NT 10.0; Win64; x64) AppleWebKit/537.36 (KHTML, like Gecko) Chrome/115.0.0.0 Safari/537.36
12:57:57.964 INFO  [http-nio-8080-exec-5] - 	accept-encoding:gzip, deflate, br
12:57:57.964 INFO  [http-nio-8080-exec-7] - 	GET http://localhost:8080/image/man.png
12:57:57.964 INFO  [http-nio-8080-exec-6] - 	sec-ch-ua-platform:"Windows"
12:57:57.964 INFO  [http-nio-8080-exec-5] - 	accept-language:en-US,en;q=0.9
12:57:57.964 INFO  [http-nio-8080-exec-7] - HEADER:
12:57:57.964 INFO  [http-nio-8080-exec-6] - 	accept:text/css,*/*;q=0.1
12:57:57.964 INFO  [http-nio-8080-exec-5] - 	cookie:Bearer=eyJhbGciOiJIUzM4NCJ9.eyJzdWIiOiJ1c2VyMSIsImlhdCI6MTY5MjA2MDgzMiwiZXhwIjoxNjkyNjY1NjMyfQ.vjHWgR6dd7Nd922my1MxL4Q73TYlNQgtPX4gVgq2XiyoNV2CB3nL0hvGLN_KxhV-
12:57:57.964 INFO  [http-nio-8080-exec-7] - 	host:localhost:8080
12:57:57.964 INFO  [http-nio-8080-exec-6] - 	sec-fetch-site:same-origin
12:57:57.964 INFO  [http-nio-8080-exec-5] - BODY:
12:57:57.964 INFO  [http-nio-8080-exec-7] - 	connection:keep-alive
12:57:57.964 INFO  [http-nio-8080-exec-5] - **************************************************************
12:57:57.964 INFO  [http-nio-8080-exec-6] - 	sec-fetch-mode:no-cors
12:57:57.964 INFO  [http-nio-8080-exec-7] - 	sec-ch-ua:"Not/A)Brand";v="99", "Google Chrome";v="115", "Chromium";v="115"
12:57:57.965 INFO  [http-nio-8080-exec-7] - 	sec-ch-ua-mobile:?0
12:57:57.965 INFO  [http-nio-8080-exec-6] - 	sec-fetch-dest:style
12:57:57.965 INFO  [http-nio-8080-exec-7] - 	user-agent:Mozilla/5.0 (Windows NT 10.0; Win64; x64) AppleWebKit/537.36 (KHTML, like Gecko) Chrome/115.0.0.0 Safari/537.36
12:57:57.965 INFO  [http-nio-8080-exec-6] - 	referer:http://localhost:8080/
12:57:57.965 INFO  [http-nio-8080-exec-7] - 	sec-ch-ua-platform:"Windows"
12:57:57.965 INFO  [http-nio-8080-exec-6] - 	accept-encoding:gzip, deflate, br
12:57:57.965 INFO  [http-nio-8080-exec-7] - 	accept:image/avif,image/webp,image/apng,image/svg+xml,image/*,*/*;q=0.8
12:57:57.965 INFO  [http-nio-8080-exec-6] - 	accept-language:en-US,en;q=0.9
12:57:57.965 INFO  [http-nio-8080-exec-7] - 	sec-fetch-site:same-origin
12:57:57.965 INFO  [http-nio-8080-exec-7] - 	sec-fetch-mode:no-cors
12:57:57.965 INFO  [http-nio-8080-exec-6] - 	cookie:Bearer=eyJhbGciOiJIUzM4NCJ9.eyJzdWIiOiJ1c2VyMSIsImlhdCI6MTY5MjA2MDgzMiwiZXhwIjoxNjkyNjY1NjMyfQ.vjHWgR6dd7Nd922my1MxL4Q73TYlNQgtPX4gVgq2XiyoNV2CB3nL0hvGLN_KxhV-
12:57:57.965 INFO  [http-nio-8080-exec-7] - 	sec-fetch-dest:image
12:57:57.965 INFO  [http-nio-8080-exec-6] - BODY:
12:57:57.965 INFO  [http-nio-8080-exec-7] - 	referer:http://localhost:8080/
12:57:57.966 INFO  [http-nio-8080-exec-6] - **************************************************************
12:57:57.966 INFO  [http-nio-8080-exec-7] - 	accept-encoding:gzip, deflate, br
12:57:57.966 INFO  [http-nio-8080-exec-7] - 	accept-language:en-US,en;q=0.9
12:57:57.966 INFO  [http-nio-8080-exec-7] - 	cookie:Bearer=eyJhbGciOiJIUzM4NCJ9.eyJzdWIiOiJ1c2VyMSIsImlhdCI6MTY5MjA2MDgzMiwiZXhwIjoxNjkyNjY1NjMyfQ.vjHWgR6dd7Nd922my1MxL4Q73TYlNQgtPX4gVgq2XiyoNV2CB3nL0hvGLN_KxhV-
12:57:57.966 INFO  [http-nio-8080-exec-7] - BODY:
12:57:57.966 INFO  [http-nio-8080-exec-7] - **************************************************************
12:57:57.993 INFO  [http-nio-8080-exec-8] - **************************************************************
12:57:57.993 INFO  [http-nio-8080-exec-8] - HTTP REQUEST
12:57:57.993 INFO  [http-nio-8080-exec-8] - 	GET http://localhost:8080/image/one.jpg
12:57:57.993 INFO  [http-nio-8080-exec-8] - HEADER:
12:57:57.994 INFO  [http-nio-8080-exec-8] - 	host:localhost:8080
12:57:57.994 INFO  [http-nio-8080-exec-9] - **************************************************************
12:57:57.994 INFO  [http-nio-8080-exec-8] - 	connection:keep-alive
12:57:57.994 INFO  [http-nio-8080-exec-9] - HTTP REQUEST
12:57:57.994 INFO  [http-nio-8080-exec-8] - 	sec-ch-ua:"Not/A)Brand";v="99", "Google Chrome";v="115", "Chromium";v="115"
12:57:57.994 INFO  [http-nio-8080-exec-8] - 	sec-ch-ua-mobile:?0
12:57:57.994 INFO  [http-nio-8080-exec-9] - 	GET http://localhost:8080/image/two.jpg
12:57:57.994 INFO  [http-nio-8080-exec-9] - HEADER:
12:57:57.994 INFO  [http-nio-8080-exec-8] - 	user-agent:Mozilla/5.0 (Windows NT 10.0; Win64; x64) AppleWebKit/537.36 (KHTML, like Gecko) Chrome/115.0.0.0 Safari/537.36
12:57:57.994 INFO  [http-nio-8080-exec-9] - 	host:localhost:8080
12:57:57.994 INFO  [http-nio-8080-exec-1] - **************************************************************
12:57:57.994 INFO  [http-nio-8080-exec-9] - 	connection:keep-alive
12:57:57.994 INFO  [http-nio-8080-exec-1] - HTTP REQUEST
12:57:57.994 INFO  [http-nio-8080-exec-10] - **************************************************************
12:57:57.994 INFO  [http-nio-8080-exec-8] - 	sec-ch-ua-platform:"Windows"
12:57:57.995 INFO  [http-nio-8080-exec-1] - 	GET http://localhost:8080/image/mower.jpg
12:57:57.995 INFO  [http-nio-8080-exec-9] - 	sec-ch-ua:"Not/A)Brand";v="99", "Google Chrome";v="115", "Chromium";v="115"
12:57:57.995 INFO  [http-nio-8080-exec-10] - HTTP REQUEST
12:57:57.995 INFO  [http-nio-8080-exec-1] - HEADER:
12:57:57.995 INFO  [http-nio-8080-exec-10] - 	GET http://localhost:8080/image/three.jpg
12:57:57.995 INFO  [http-nio-8080-exec-8] - 	accept:image/avif,image/webp,image/apng,image/svg+xml,image/*,*/*;q=0.8
12:57:57.995 INFO  [http-nio-8080-exec-9] - 	sec-ch-ua-mobile:?0
12:57:57.995 INFO  [http-nio-8080-exec-1] - 	host:localhost:8080
12:57:57.995 INFO  [http-nio-8080-exec-9] - 	user-agent:Mozilla/5.0 (Windows NT 10.0; Win64; x64) AppleWebKit/537.36 (KHTML, like Gecko) Chrome/115.0.0.0 Safari/537.36
12:57:57.995 INFO  [http-nio-8080-exec-1] - 	connection:keep-alive
12:57:57.995 INFO  [http-nio-8080-exec-9] - 	sec-ch-ua-platform:"Windows"
12:57:57.995 INFO  [http-nio-8080-exec-10] - HEADER:
12:57:57.995 INFO  [http-nio-8080-exec-1] - 	sec-ch-ua:"Not/A)Brand";v="99", "Google Chrome";v="115", "Chromium";v="115"
12:57:57.995 INFO  [http-nio-8080-exec-9] - 	accept:image/avif,image/webp,image/apng,image/svg+xml,image/*,*/*;q=0.8
12:57:57.995 INFO  [http-nio-8080-exec-8] - 	sec-fetch-site:same-origin
12:57:57.995 INFO  [http-nio-8080-exec-2] - **************************************************************
12:57:57.995 INFO  [http-nio-8080-exec-10] - 	host:localhost:8080
12:57:57.995 INFO  [http-nio-8080-exec-1] - 	sec-ch-ua-mobile:?0
12:57:57.995 INFO  [http-nio-8080-exec-2] - HTTP REQUEST
12:57:57.995 INFO  [http-nio-8080-exec-1] - 	user-agent:Mozilla/5.0 (Windows NT 10.0; Win64; x64) AppleWebKit/537.36 (KHTML, like Gecko) Chrome/115.0.0.0 Safari/537.36
12:57:57.995 INFO  [http-nio-8080-exec-8] - 	sec-fetch-mode:no-cors
12:57:57.995 INFO  [http-nio-8080-exec-2] - 	GET http://localhost:8080/js/jquery-3.4.1.min.js
12:57:57.995 INFO  [http-nio-8080-exec-1] - 	sec-ch-ua-platform:"Windows"
12:57:57.995 INFO  [http-nio-8080-exec-9] - 	sec-fetch-site:same-origin
12:57:57.995 INFO  [http-nio-8080-exec-10] - 	connection:keep-alive
12:57:57.996 INFO  [http-nio-8080-exec-1] - 	accept:image/avif,image/webp,image/apng,image/svg+xml,image/*,*/*;q=0.8
12:57:57.995 INFO  [http-nio-8080-exec-8] - 	sec-fetch-dest:image
12:57:57.996 INFO  [http-nio-8080-exec-1] - 	sec-fetch-site:same-origin
12:57:57.996 INFO  [http-nio-8080-exec-9] - 	sec-fetch-mode:no-cors
12:57:57.995 INFO  [http-nio-8080-exec-2] - HEADER:
12:57:57.996 INFO  [http-nio-8080-exec-9] - 	sec-fetch-dest:image
12:57:57.996 INFO  [http-nio-8080-exec-10] - 	sec-ch-ua:"Not/A)Brand";v="99", "Google Chrome";v="115", "Chromium";v="115"
12:57:57.996 INFO  [http-nio-8080-exec-8] - 	referer:http://localhost:8080/
12:57:57.996 INFO  [http-nio-8080-exec-2] - 	host:localhost:8080
12:57:57.996 INFO  [http-nio-8080-exec-10] - 	sec-ch-ua-mobile:?0
12:57:57.996 INFO  [http-nio-8080-exec-1] - 	sec-fetch-mode:no-cors
12:57:57.996 INFO  [http-nio-8080-exec-2] - 	connection:keep-alive
12:57:57.996 INFO  [http-nio-8080-exec-9] - 	referer:http://localhost:8080/
12:57:57.996 INFO  [http-nio-8080-exec-1] - 	sec-fetch-dest:image
12:57:57.996 INFO  [http-nio-8080-exec-2] - 	sec-ch-ua:"Not/A)Brand";v="99", "Google Chrome";v="115", "Chromium";v="115"
12:57:57.996 INFO  [http-nio-8080-exec-8] - 	accept-encoding:gzip, deflate, br
12:57:57.996 INFO  [http-nio-8080-exec-9] - 	accept-encoding:gzip, deflate, br
12:57:57.996 INFO  [http-nio-8080-exec-10] - 	user-agent:Mozilla/5.0 (Windows NT 10.0; Win64; x64) AppleWebKit/537.36 (KHTML, like Gecko) Chrome/115.0.0.0 Safari/537.36
12:57:57.996 INFO  [http-nio-8080-exec-4] - **************************************************************
12:57:57.996 INFO  [http-nio-8080-exec-1] - 	referer:http://localhost:8080/
12:57:57.996 INFO  [http-nio-8080-exec-4] - HTTP REQUEST
12:57:57.996 INFO  [http-nio-8080-exec-10] - 	sec-ch-ua-platform:"Windows"
12:57:57.996 INFO  [http-nio-8080-exec-2] - 	sec-ch-ua-mobile:?0
12:57:57.996 INFO  [http-nio-8080-exec-9] - 	accept-language:en-US,en;q=0.9
12:57:57.996 INFO  [http-nio-8080-exec-10] - 	accept:image/avif,image/webp,image/apng,image/svg+xml,image/*,*/*;q=0.8
12:57:57.996 INFO  [http-nio-8080-exec-8] - 	accept-language:en-US,en;q=0.9
12:57:57.996 INFO  [http-nio-8080-exec-9] - 	cookie:Bearer=eyJhbGciOiJIUzM4NCJ9.eyJzdWIiOiJ1c2VyMSIsImlhdCI6MTY5MjA2MDgzMiwiZXhwIjoxNjkyNjY1NjMyfQ.vjHWgR6dd7Nd922my1MxL4Q73TYlNQgtPX4gVgq2XiyoNV2CB3nL0hvGLN_KxhV-
12:57:57.996 INFO  [http-nio-8080-exec-4] - 	GET http://localhost:8080/js/bootstrap.bundle.min.js
12:57:57.997 INFO  [http-nio-8080-exec-9] - BODY:
12:57:57.997 INFO  [http-nio-8080-exec-4] - HEADER:
12:57:57.996 INFO  [http-nio-8080-exec-1] - 	accept-encoding:gzip, deflate, br
12:57:57.996 INFO  [http-nio-8080-exec-2] - 	user-agent:Mozilla/5.0 (Windows NT 10.0; Win64; x64) AppleWebKit/537.36 (KHTML, like Gecko) Chrome/115.0.0.0 Safari/537.36
12:57:57.997 INFO  [http-nio-8080-exec-9] - **************************************************************
12:57:57.997 INFO  [http-nio-8080-exec-10] - 	sec-fetch-site:same-origin
12:57:57.997 INFO  [http-nio-8080-exec-8] - 	cookie:Bearer=eyJhbGciOiJIUzM4NCJ9.eyJzdWIiOiJ1c2VyMSIsImlhdCI6MTY5MjA2MDgzMiwiZXhwIjoxNjkyNjY1NjMyfQ.vjHWgR6dd7Nd922my1MxL4Q73TYlNQgtPX4gVgq2XiyoNV2CB3nL0hvGLN_KxhV-
12:57:57.997 INFO  [http-nio-8080-exec-2] - 	sec-ch-ua-platform:"Windows"
12:57:57.997 INFO  [http-nio-8080-exec-10] - 	sec-fetch-mode:no-cors
12:57:57.997 INFO  [http-nio-8080-exec-1] - 	accept-language:en-US,en;q=0.9
12:57:57.997 INFO  [http-nio-8080-exec-8] - BODY:
12:57:57.997 INFO  [http-nio-8080-exec-4] - 	host:localhost:8080
12:57:57.997 INFO  [http-nio-8080-exec-1] - 	cookie:Bearer=eyJhbGciOiJIUzM4NCJ9.eyJzdWIiOiJ1c2VyMSIsImlhdCI6MTY5MjA2MDgzMiwiZXhwIjoxNjkyNjY1NjMyfQ.vjHWgR6dd7Nd922my1MxL4Q73TYlNQgtPX4gVgq2XiyoNV2CB3nL0hvGLN_KxhV-
12:57:57.997 INFO  [http-nio-8080-exec-2] - 	accept:*/*
12:57:57.997 INFO  [http-nio-8080-exec-8] - **************************************************************
12:57:57.997 INFO  [http-nio-8080-exec-10] - 	sec-fetch-dest:image
12:57:57.997 INFO  [http-nio-8080-exec-1] - BODY:
12:57:57.997 INFO  [http-nio-8080-exec-10] - 	referer:http://localhost:8080/
12:57:57.997 INFO  [http-nio-8080-exec-4] - 	connection:keep-alive
12:57:57.997 INFO  [http-nio-8080-exec-10] - 	accept-encoding:gzip, deflate, br
12:57:57.997 INFO  [http-nio-8080-exec-2] - 	sec-fetch-site:same-origin
12:57:57.997 INFO  [http-nio-8080-exec-1] - **************************************************************
12:57:57.997 INFO  [http-nio-8080-exec-4] - 	sec-ch-ua:"Not/A)Brand";v="99", "Google Chrome";v="115", "Chromium";v="115"
12:57:57.997 INFO  [http-nio-8080-exec-10] - 	accept-language:en-US,en;q=0.9
12:57:57.997 INFO  [http-nio-8080-exec-4] - 	sec-ch-ua-mobile:?0
12:57:57.997 INFO  [http-nio-8080-exec-10] - 	cookie:Bearer=eyJhbGciOiJIUzM4NCJ9.eyJzdWIiOiJ1c2VyMSIsImlhdCI6MTY5MjA2MDgzMiwiZXhwIjoxNjkyNjY1NjMyfQ.vjHWgR6dd7Nd922my1MxL4Q73TYlNQgtPX4gVgq2XiyoNV2CB3nL0hvGLN_KxhV-
12:57:57.997 INFO  [http-nio-8080-exec-2] - 	sec-fetch-mode:no-cors
12:57:57.997 INFO  [http-nio-8080-exec-4] - 	user-agent:Mozilla/5.0 (Windows NT 10.0; Win64; x64) AppleWebKit/537.36 (KHTML, like Gecko) Chrome/115.0.0.0 Safari/537.36
12:57:57.997 INFO  [http-nio-8080-exec-10] - BODY:
12:57:57.998 INFO  [http-nio-8080-exec-10] - **************************************************************
12:57:57.998 INFO  [http-nio-8080-exec-2] - 	sec-fetch-dest:script
12:57:57.998 INFO  [http-nio-8080-exec-4] - 	sec-ch-ua-platform:"Windows"
12:57:57.998 INFO  [http-nio-8080-exec-2] - 	referer:http://localhost:8080/
12:57:57.998 INFO  [http-nio-8080-exec-2] - 	accept-encoding:gzip, deflate, br
12:57:57.998 INFO  [http-nio-8080-exec-4] - 	accept:*/*
12:57:57.998 INFO  [http-nio-8080-exec-4] - 	sec-fetch-site:same-origin
12:57:57.998 INFO  [http-nio-8080-exec-2] - 	accept-language:en-US,en;q=0.9
12:57:57.998 INFO  [http-nio-8080-exec-4] - 	sec-fetch-mode:no-cors
12:57:57.998 INFO  [http-nio-8080-exec-2] - 	cookie:Bearer=eyJhbGciOiJIUzM4NCJ9.eyJzdWIiOiJ1c2VyMSIsImlhdCI6MTY5MjA2MDgzMiwiZXhwIjoxNjkyNjY1NjMyfQ.vjHWgR6dd7Nd922my1MxL4Q73TYlNQgtPX4gVgq2XiyoNV2CB3nL0hvGLN_KxhV-
12:57:57.998 INFO  [http-nio-8080-exec-2] - BODY:
12:57:57.998 INFO  [http-nio-8080-exec-2] - **************************************************************
12:57:57.998 INFO  [http-nio-8080-exec-4] - 	sec-fetch-dest:script
12:57:57.999 INFO  [http-nio-8080-exec-4] - 	referer:http://localhost:8080/
12:57:57.999 INFO  [http-nio-8080-exec-4] - 	accept-encoding:gzip, deflate, br
12:57:57.999 INFO  [http-nio-8080-exec-4] - 	accept-language:en-US,en;q=0.9
12:57:57.999 INFO  [http-nio-8080-exec-4] - 	cookie:Bearer=eyJhbGciOiJIUzM4NCJ9.eyJzdWIiOiJ1c2VyMSIsImlhdCI6MTY5MjA2MDgzMiwiZXhwIjoxNjkyNjY1NjMyfQ.vjHWgR6dd7Nd922my1MxL4Q73TYlNQgtPX4gVgq2XiyoNV2CB3nL0hvGLN_KxhV-
12:57:57.999 INFO  [http-nio-8080-exec-4] - BODY:
12:57:57.999 INFO  [http-nio-8080-exec-4] - **************************************************************
12:57:58.016 INFO  [http-nio-8080-exec-7] - **************************************************************
12:57:58.017 INFO  [http-nio-8080-exec-7] - HTTP REQUEST
12:57:58.017 INFO  [http-nio-8080-exec-7] - 	GET http://localhost:8080/lib/wow/wow.min.js
12:57:58.017 INFO  [http-nio-8080-exec-7] - HEADER:
12:57:58.017 INFO  [http-nio-8080-exec-7] - 	host:localhost:8080
12:57:58.017 INFO  [http-nio-8080-exec-7] - 	connection:keep-alive
12:57:58.017 INFO  [http-nio-8080-exec-7] - 	sec-ch-ua:"Not/A)Brand";v="99", "Google Chrome";v="115", "Chromium";v="115"
12:57:58.017 INFO  [http-nio-8080-exec-7] - 	sec-ch-ua-mobile:?0
12:57:58.017 INFO  [http-nio-8080-exec-7] - 	user-agent:Mozilla/5.0 (Windows NT 10.0; Win64; x64) AppleWebKit/537.36 (KHTML, like Gecko) Chrome/115.0.0.0 Safari/537.36
12:57:58.017 INFO  [http-nio-8080-exec-7] - 	sec-ch-ua-platform:"Windows"
12:57:58.017 INFO  [http-nio-8080-exec-7] - 	accept:*/*
12:57:58.017 INFO  [http-nio-8080-exec-7] - 	sec-fetch-site:same-origin
12:57:58.017 INFO  [http-nio-8080-exec-7] - 	sec-fetch-mode:no-cors
12:57:58.018 INFO  [http-nio-8080-exec-7] - 	sec-fetch-dest:script
12:57:58.018 INFO  [http-nio-8080-exec-7] - 	referer:http://localhost:8080/
12:57:58.018 INFO  [http-nio-8080-exec-7] - 	accept-encoding:gzip, deflate, br
12:57:58.018 INFO  [http-nio-8080-exec-7] - 	accept-language:en-US,en;q=0.9
12:57:58.019 INFO  [http-nio-8080-exec-7] - 	cookie:Bearer=eyJhbGciOiJIUzM4NCJ9.eyJzdWIiOiJ1c2VyMSIsImlhdCI6MTY5MjA2MDgzMiwiZXhwIjoxNjkyNjY1NjMyfQ.vjHWgR6dd7Nd922my1MxL4Q73TYlNQgtPX4gVgq2XiyoNV2CB3nL0hvGLN_KxhV-
12:57:58.019 INFO  [http-nio-8080-exec-7] - BODY:
12:57:58.019 INFO  [http-nio-8080-exec-7] - **************************************************************
12:57:58.021 INFO  [http-nio-8080-exec-6] - **************************************************************
12:57:58.022 INFO  [http-nio-8080-exec-6] - HTTP REQUEST
12:57:58.022 INFO  [http-nio-8080-exec-6] - 	GET http://localhost:8080/lib/waypoints/waypoints.min.js
12:57:58.022 INFO  [http-nio-8080-exec-3] - **************************************************************
12:57:58.022 INFO  [http-nio-8080-exec-3] - HTTP REQUEST
12:57:58.022 INFO  [http-nio-8080-exec-6] - HEADER:
12:57:58.022 INFO  [http-nio-8080-exec-6] - 	host:localhost:8080
12:57:58.022 INFO  [http-nio-8080-exec-3] - 	GET http://localhost:8080/lib/easing/easing.min.js
12:57:58.022 INFO  [http-nio-8080-exec-3] - HEADER:
12:57:58.022 INFO  [http-nio-8080-exec-3] - 	host:localhost:8080
12:57:58.022 INFO  [http-nio-8080-exec-3] - 	connection:keep-alive
12:57:58.022 INFO  [http-nio-8080-exec-3] - 	sec-ch-ua:"Not/A)Brand";v="99", "Google Chrome";v="115", "Chromium";v="115"
12:57:58.022 INFO  [http-nio-8080-exec-5] - **************************************************************
12:57:58.022 INFO  [http-nio-8080-exec-3] - 	sec-ch-ua-mobile:?0
12:57:58.022 INFO  [http-nio-8080-exec-5] - HTTP REQUEST
12:57:58.022 INFO  [http-nio-8080-exec-3] - 	user-agent:Mozilla/5.0 (Windows NT 10.0; Win64; x64) AppleWebKit/537.36 (KHTML, like Gecko) Chrome/115.0.0.0 Safari/537.36
12:57:58.022 INFO  [http-nio-8080-exec-5] - 	GET http://localhost:8080/lib/owlcarousel/owl.carousel.min.js
12:57:58.022 INFO  [http-nio-8080-exec-5] - HEADER:
12:57:58.022 INFO  [http-nio-8080-exec-6] - 	connection:keep-alive
12:57:58.022 INFO  [http-nio-8080-exec-3] - 	sec-ch-ua-platform:"Windows"
12:57:58.023 INFO  [http-nio-8080-exec-5] - 	host:localhost:8080
12:57:58.023 INFO  [http-nio-8080-exec-6] - 	sec-ch-ua:"Not/A)Brand";v="99", "Google Chrome";v="115", "Chromium";v="115"
12:57:58.023 INFO  [http-nio-8080-exec-3] - 	accept:*/*
12:57:58.023 INFO  [http-nio-8080-exec-5] - 	connection:keep-alive
12:57:58.023 INFO  [http-nio-8080-exec-6] - 	sec-ch-ua-mobile:?0
12:57:58.023 INFO  [http-nio-8080-exec-5] - 	sec-ch-ua:"Not/A)Brand";v="99", "Google Chrome";v="115", "Chromium";v="115"
12:57:58.023 INFO  [http-nio-8080-exec-6] - 	user-agent:Mozilla/5.0 (Windows NT 10.0; Win64; x64) AppleWebKit/537.36 (KHTML, like Gecko) Chrome/115.0.0.0 Safari/537.36
12:57:58.023 INFO  [http-nio-8080-exec-5] - 	sec-ch-ua-mobile:?0
12:57:58.023 INFO  [http-nio-8080-exec-3] - 	sec-fetch-site:same-origin
12:57:58.023 INFO  [http-nio-8080-exec-6] - 	sec-ch-ua-platform:"Windows"
12:57:58.023 INFO  [http-nio-8080-exec-5] - 	user-agent:Mozilla/5.0 (Windows NT 10.0; Win64; x64) AppleWebKit/537.36 (KHTML, like Gecko) Chrome/115.0.0.0 Safari/537.36
12:57:58.023 INFO  [http-nio-8080-exec-6] - 	accept:*/*
12:57:58.023 INFO  [http-nio-8080-exec-5] - 	sec-ch-ua-platform:"Windows"
12:57:58.024 INFO  [http-nio-8080-exec-3] - 	sec-fetch-mode:no-cors
12:57:58.024 INFO  [http-nio-8080-exec-6] - 	sec-fetch-site:same-origin
12:57:58.024 INFO  [http-nio-8080-exec-5] - 	accept:*/*
12:57:58.024 INFO  [http-nio-8080-exec-3] - 	sec-fetch-dest:script
12:57:58.024 INFO  [http-nio-8080-exec-6] - 	sec-fetch-mode:no-cors
12:57:58.024 INFO  [http-nio-8080-exec-3] - 	referer:http://localhost:8080/
12:57:58.024 INFO  [http-nio-8080-exec-5] - 	sec-fetch-site:same-origin
12:57:58.024 INFO  [http-nio-8080-exec-6] - 	sec-fetch-dest:script
12:57:58.024 INFO  [http-nio-8080-exec-5] - 	sec-fetch-mode:no-cors
12:57:58.024 INFO  [http-nio-8080-exec-3] - 	accept-encoding:gzip, deflate, br
12:57:58.024 INFO  [http-nio-8080-exec-6] - 	referer:http://localhost:8080/
12:57:58.024 INFO  [http-nio-8080-exec-5] - 	sec-fetch-dest:script
12:57:58.024 INFO  [http-nio-8080-exec-6] - 	accept-encoding:gzip, deflate, br
12:57:58.024 INFO  [http-nio-8080-exec-5] - 	referer:http://localhost:8080/
12:57:58.024 INFO  [http-nio-8080-exec-3] - 	accept-language:en-US,en;q=0.9
12:57:58.024 INFO  [http-nio-8080-exec-6] - 	accept-language:en-US,en;q=0.9
12:57:58.024 INFO  [http-nio-8080-exec-5] - 	accept-encoding:gzip, deflate, br
12:57:58.025 INFO  [http-nio-8080-exec-6] - 	cookie:Bearer=eyJhbGciOiJIUzM4NCJ9.eyJzdWIiOiJ1c2VyMSIsImlhdCI6MTY5MjA2MDgzMiwiZXhwIjoxNjkyNjY1NjMyfQ.vjHWgR6dd7Nd922my1MxL4Q73TYlNQgtPX4gVgq2XiyoNV2CB3nL0hvGLN_KxhV-
12:57:58.025 INFO  [http-nio-8080-exec-3] - 	cookie:Bearer=eyJhbGciOiJIUzM4NCJ9.eyJzdWIiOiJ1c2VyMSIsImlhdCI6MTY5MjA2MDgzMiwiZXhwIjoxNjkyNjY1NjMyfQ.vjHWgR6dd7Nd922my1MxL4Q73TYlNQgtPX4gVgq2XiyoNV2CB3nL0hvGLN_KxhV-
12:57:58.025 INFO  [http-nio-8080-exec-6] - BODY:
12:57:58.025 INFO  [http-nio-8080-exec-5] - 	accept-language:en-US,en;q=0.9
12:57:58.025 INFO  [http-nio-8080-exec-6] - **************************************************************
12:57:58.025 INFO  [http-nio-8080-exec-3] - BODY:
12:57:58.025 INFO  [http-nio-8080-exec-5] - 	cookie:Bearer=eyJhbGciOiJIUzM4NCJ9.eyJzdWIiOiJ1c2VyMSIsImlhdCI6MTY5MjA2MDgzMiwiZXhwIjoxNjkyNjY1NjMyfQ.vjHWgR6dd7Nd922my1MxL4Q73TYlNQgtPX4gVgq2XiyoNV2CB3nL0hvGLN_KxhV-
12:57:58.025 INFO  [http-nio-8080-exec-3] - **************************************************************
12:57:58.025 INFO  [http-nio-8080-exec-5] - BODY:
12:57:58.025 INFO  [http-nio-8080-exec-5] - **************************************************************
12:57:58.025 INFO  [http-nio-8080-exec-1] - **************************************************************
12:57:58.025 INFO  [http-nio-8080-exec-1] - HTTP REQUEST
12:57:58.025 INFO  [http-nio-8080-exec-1] - 	GET http://localhost:8080/js/main.js
12:57:58.025 INFO  [http-nio-8080-exec-1] - HEADER:
12:57:58.025 INFO  [http-nio-8080-exec-1] - 	host:localhost:8080
12:57:58.026 INFO  [http-nio-8080-exec-1] - 	connection:keep-alive
12:57:58.026 INFO  [http-nio-8080-exec-1] - 	sec-ch-ua:"Not/A)Brand";v="99", "Google Chrome";v="115", "Chromium";v="115"
12:57:58.026 INFO  [http-nio-8080-exec-1] - 	sec-ch-ua-mobile:?0
12:57:58.026 INFO  [http-nio-8080-exec-1] - 	user-agent:Mozilla/5.0 (Windows NT 10.0; Win64; x64) AppleWebKit/537.36 (KHTML, like Gecko) Chrome/115.0.0.0 Safari/537.36
12:57:58.026 INFO  [http-nio-8080-exec-1] - 	sec-ch-ua-platform:"Windows"
12:57:58.026 INFO  [http-nio-8080-exec-1] - 	accept:*/*
12:57:58.026 INFO  [http-nio-8080-exec-1] - 	sec-fetch-site:same-origin
12:57:58.026 INFO  [http-nio-8080-exec-1] - 	sec-fetch-mode:no-cors
12:57:58.026 INFO  [http-nio-8080-exec-1] - 	sec-fetch-dest:script
12:57:58.027 INFO  [http-nio-8080-exec-1] - 	referer:http://localhost:8080/
12:57:58.027 INFO  [http-nio-8080-exec-1] - 	accept-encoding:gzip, deflate, br
12:57:58.027 INFO  [http-nio-8080-exec-9] - **************************************************************
12:57:58.027 INFO  [http-nio-8080-exec-9] - HTTP REQUEST
12:57:58.027 INFO  [http-nio-8080-exec-9] - 	GET http://localhost:8080/image/hedge.jpg
12:57:58.027 INFO  [http-nio-8080-exec-1] - 	accept-language:en-US,en;q=0.9
12:57:58.027 INFO  [http-nio-8080-exec-9] - HEADER:
12:57:58.027 INFO  [http-nio-8080-exec-9] - 	host:localhost:8080
12:57:58.027 INFO  [http-nio-8080-exec-1] - 	cookie:Bearer=eyJhbGciOiJIUzM4NCJ9.eyJzdWIiOiJ1c2VyMSIsImlhdCI6MTY5MjA2MDgzMiwiZXhwIjoxNjkyNjY1NjMyfQ.vjHWgR6dd7Nd922my1MxL4Q73TYlNQgtPX4gVgq2XiyoNV2CB3nL0hvGLN_KxhV-
12:57:58.027 INFO  [http-nio-8080-exec-9] - 	connection:keep-alive
12:57:58.027 INFO  [http-nio-8080-exec-1] - BODY:
12:57:58.027 INFO  [http-nio-8080-exec-9] - 	sec-ch-ua:"Not/A)Brand";v="99", "Google Chrome";v="115", "Chromium";v="115"
12:57:58.027 INFO  [http-nio-8080-exec-1] - **************************************************************
12:57:58.027 INFO  [http-nio-8080-exec-9] - 	sec-ch-ua-mobile:?0
12:57:58.028 INFO  [http-nio-8080-exec-9] - 	user-agent:Mozilla/5.0 (Windows NT 10.0; Win64; x64) AppleWebKit/537.36 (KHTML, like Gecko) Chrome/115.0.0.0 Safari/537.36
12:57:58.028 INFO  [http-nio-8080-exec-9] - 	sec-ch-ua-platform:"Windows"
12:57:58.028 INFO  [http-nio-8080-exec-9] - 	accept:image/avif,image/webp,image/apng,image/svg+xml,image/*,*/*;q=0.8
12:57:58.028 INFO  [http-nio-8080-exec-9] - 	sec-fetch-site:same-origin
12:57:58.028 INFO  [http-nio-8080-exec-9] - 	sec-fetch-mode:no-cors
12:57:58.028 INFO  [http-nio-8080-exec-9] - 	sec-fetch-dest:image
12:57:58.028 INFO  [http-nio-8080-exec-9] - 	referer:http://localhost:8080/
12:57:58.028 INFO  [http-nio-8080-exec-9] - 	accept-encoding:gzip, deflate, br
12:57:58.028 INFO  [http-nio-8080-exec-9] - 	accept-language:en-US,en;q=0.9
12:57:58.028 INFO  [http-nio-8080-exec-9] - 	cookie:Bearer=eyJhbGciOiJIUzM4NCJ9.eyJzdWIiOiJ1c2VyMSIsImlhdCI6MTY5MjA2MDgzMiwiZXhwIjoxNjkyNjY1NjMyfQ.vjHWgR6dd7Nd922my1MxL4Q73TYlNQgtPX4gVgq2XiyoNV2CB3nL0hvGLN_KxhV-
12:57:58.028 INFO  [http-nio-8080-exec-9] - BODY:
12:57:58.028 INFO  [http-nio-8080-exec-9] - **************************************************************
12:57:58.038 INFO  [http-nio-8080-exec-2] - **************************************************************
12:57:58.038 INFO  [http-nio-8080-exec-10] - **************************************************************
12:57:58.039 INFO  [http-nio-8080-exec-10] - HTTP REQUEST
12:57:58.039 INFO  [http-nio-8080-exec-2] - HTTP REQUEST
12:57:58.039 INFO  [http-nio-8080-exec-2] - 	GET http://localhost:8080/image/gardenwaste.jpg
12:57:58.039 INFO  [http-nio-8080-exec-2] - HEADER:
12:57:58.039 INFO  [http-nio-8080-exec-10] - 	GET http://localhost:8080/image/rake.jpg
12:57:58.040 INFO  [http-nio-8080-exec-2] - 	host:localhost:8080
12:57:58.040 INFO  [http-nio-8080-exec-10] - HEADER:
12:57:58.040 INFO  [http-nio-8080-exec-8] - **************************************************************
12:57:58.040 INFO  [http-nio-8080-exec-8] - HTTP REQUEST
12:57:58.040 INFO  [http-nio-8080-exec-10] - 	host:localhost:8080
12:57:58.040 INFO  [http-nio-8080-exec-8] - 	GET http://localhost:8080/image/gutter.jpg
12:57:58.041 INFO  [http-nio-8080-exec-8] - HEADER:
12:57:58.041 INFO  [http-nio-8080-exec-10] - 	connection:keep-alive
12:57:58.041 INFO  [http-nio-8080-exec-10] - 	sec-ch-ua:"Not/A)Brand";v="99", "Google Chrome";v="115", "Chromium";v="115"
12:57:58.041 INFO  [http-nio-8080-exec-10] - 	sec-ch-ua-mobile:?0
12:57:58.041 INFO  [http-nio-8080-exec-10] - 	user-agent:Mozilla/5.0 (Windows NT 10.0; Win64; x64) AppleWebKit/537.36 (KHTML, like Gecko) Chrome/115.0.0.0 Safari/537.36
12:57:58.041 INFO  [http-nio-8080-exec-10] - 	sec-ch-ua-platform:"Windows"
12:57:58.041 INFO  [http-nio-8080-exec-10] - 	accept:image/avif,image/webp,image/apng,image/svg+xml,image/*,*/*;q=0.8
12:57:58.041 INFO  [http-nio-8080-exec-8] - 	host:localhost:8080
12:57:58.041 INFO  [http-nio-8080-exec-8] - 	connection:keep-alive
12:57:58.041 INFO  [http-nio-8080-exec-10] - 	sec-fetch-site:same-origin
12:57:58.042 INFO  [http-nio-8080-exec-8] - 	sec-ch-ua:"Not/A)Brand";v="99", "Google Chrome";v="115", "Chromium";v="115"
12:57:58.042 INFO  [http-nio-8080-exec-2] - 	connection:keep-alive
12:57:58.042 INFO  [http-nio-8080-exec-2] - 	sec-ch-ua:"Not/A)Brand";v="99", "Google Chrome";v="115", "Chromium";v="115"
12:57:58.042 INFO  [http-nio-8080-exec-8] - 	sec-ch-ua-mobile:?0
12:57:58.042 INFO  [http-nio-8080-exec-2] - 	sec-ch-ua-mobile:?0
12:57:58.042 INFO  [http-nio-8080-exec-2] - 	user-agent:Mozilla/5.0 (Windows NT 10.0; Win64; x64) AppleWebKit/537.36 (KHTML, like Gecko) Chrome/115.0.0.0 Safari/537.36
12:57:58.042 INFO  [http-nio-8080-exec-2] - 	sec-ch-ua-platform:"Windows"
12:57:58.042 INFO  [http-nio-8080-exec-2] - 	accept:image/avif,image/webp,image/apng,image/svg+xml,image/*,*/*;q=0.8
12:57:58.042 INFO  [http-nio-8080-exec-8] - 	user-agent:Mozilla/5.0 (Windows NT 10.0; Win64; x64) AppleWebKit/537.36 (KHTML, like Gecko) Chrome/115.0.0.0 Safari/537.36
12:57:58.043 INFO  [http-nio-8080-exec-8] - 	sec-ch-ua-platform:"Windows"
12:57:58.043 INFO  [http-nio-8080-exec-2] - 	sec-fetch-site:same-origin
12:57:58.042 INFO  [http-nio-8080-exec-10] - 	sec-fetch-mode:no-cors
12:57:58.043 INFO  [http-nio-8080-exec-8] - 	accept:image/avif,image/webp,image/apng,image/svg+xml,image/*,*/*;q=0.8
12:57:58.043 INFO  [http-nio-8080-exec-2] - 	sec-fetch-mode:no-cors
12:57:58.043 INFO  [http-nio-8080-exec-10] - 	sec-fetch-dest:image
12:57:58.043 INFO  [http-nio-8080-exec-8] - 	sec-fetch-site:same-origin
12:57:58.043 INFO  [http-nio-8080-exec-10] - 	referer:http://localhost:8080/
12:57:58.043 INFO  [http-nio-8080-exec-10] - 	accept-encoding:gzip, deflate, br
12:57:58.043 INFO  [http-nio-8080-exec-10] - 	accept-language:en-US,en;q=0.9
12:57:58.043 INFO  [http-nio-8080-exec-4] - **************************************************************
12:57:58.043 INFO  [http-nio-8080-exec-4] - HTTP REQUEST
12:57:58.043 INFO  [http-nio-8080-exec-10] - 	cookie:Bearer=eyJhbGciOiJIUzM4NCJ9.eyJzdWIiOiJ1c2VyMSIsImlhdCI6MTY5MjA2MDgzMiwiZXhwIjoxNjkyNjY1NjMyfQ.vjHWgR6dd7Nd922my1MxL4Q73TYlNQgtPX4gVgq2XiyoNV2CB3nL0hvGLN_KxhV-
12:57:58.043 INFO  [http-nio-8080-exec-10] - BODY:
12:57:58.043 INFO  [http-nio-8080-exec-10] - **************************************************************
12:57:58.043 INFO  [http-nio-8080-exec-2] - 	sec-fetch-dest:image
12:57:58.043 INFO  [http-nio-8080-exec-3] - **************************************************************
12:57:58.043 INFO  [http-nio-8080-exec-2] - 	referer:http://localhost:8080/
12:57:58.043 INFO  [http-nio-8080-exec-2] - 	accept-encoding:gzip, deflate, br
12:57:58.043 INFO  [http-nio-8080-exec-2] - 	accept-language:en-US,en;q=0.9
12:57:58.043 INFO  [http-nio-8080-exec-2] - 	cookie:Bearer=eyJhbGciOiJIUzM4NCJ9.eyJzdWIiOiJ1c2VyMSIsImlhdCI6MTY5MjA2MDgzMiwiZXhwIjoxNjkyNjY1NjMyfQ.vjHWgR6dd7Nd922my1MxL4Q73TYlNQgtPX4gVgq2XiyoNV2CB3nL0hvGLN_KxhV-
12:57:58.043 INFO  [http-nio-8080-exec-4] - 	GET http://localhost:8080/image/waterblasting.jpg
12:57:58.044 INFO  [http-nio-8080-exec-4] - HEADER:
12:57:58.044 INFO  [http-nio-8080-exec-4] - 	host:localhost:8080
12:57:58.044 INFO  [http-nio-8080-exec-3] - HTTP REQUEST
12:57:58.044 INFO  [http-nio-8080-exec-4] - 	connection:keep-alive
12:57:58.044 INFO  [http-nio-8080-exec-3] - 	GET http://localhost:8080/image/chipper.jpg
12:57:58.044 INFO  [http-nio-8080-exec-3] - HEADER:
12:57:58.044 INFO  [http-nio-8080-exec-4] - 	sec-ch-ua:"Not/A)Brand";v="99", "Google Chrome";v="115", "Chromium";v="115"
12:57:58.044 INFO  [http-nio-8080-exec-3] - 	host:localhost:8080
12:57:58.044 INFO  [http-nio-8080-exec-8] - 	sec-fetch-mode:no-cors
12:57:58.044 INFO  [http-nio-8080-exec-4] - 	sec-ch-ua-mobile:?0
12:57:58.044 INFO  [http-nio-8080-exec-2] - BODY:
12:57:58.044 INFO  [http-nio-8080-exec-2] - **************************************************************
12:57:58.044 INFO  [http-nio-8080-exec-3] - 	connection:keep-alive
12:57:58.044 INFO  [http-nio-8080-exec-8] - 	sec-fetch-dest:image
12:57:58.044 INFO  [http-nio-8080-exec-3] - 	sec-ch-ua:"Not/A)Brand";v="99", "Google Chrome";v="115", "Chromium";v="115"
12:57:58.044 INFO  [http-nio-8080-exec-4] - 	user-agent:Mozilla/5.0 (Windows NT 10.0; Win64; x64) AppleWebKit/537.36 (KHTML, like Gecko) Chrome/115.0.0.0 Safari/537.36
12:57:58.044 INFO  [http-nio-8080-exec-4] - 	sec-ch-ua-platform:"Windows"
12:57:58.044 INFO  [http-nio-8080-exec-8] - 	referer:http://localhost:8080/
12:57:58.044 INFO  [http-nio-8080-exec-4] - 	accept:image/avif,image/webp,image/apng,image/svg+xml,image/*,*/*;q=0.8
12:57:58.044 INFO  [http-nio-8080-exec-4] - 	sec-fetch-site:same-origin
12:57:58.045 INFO  [http-nio-8080-exec-4] - 	sec-fetch-mode:no-cors
12:57:58.045 INFO  [http-nio-8080-exec-8] - 	accept-encoding:gzip, deflate, br
12:57:58.045 INFO  [http-nio-8080-exec-8] - 	accept-language:en-US,en;q=0.9
12:57:58.045 INFO  [http-nio-8080-exec-8] - 	cookie:Bearer=eyJhbGciOiJIUzM4NCJ9.eyJzdWIiOiJ1c2VyMSIsImlhdCI6MTY5MjA2MDgzMiwiZXhwIjoxNjkyNjY1NjMyfQ.vjHWgR6dd7Nd922my1MxL4Q73TYlNQgtPX4gVgq2XiyoNV2CB3nL0hvGLN_KxhV-
12:57:58.045 INFO  [http-nio-8080-exec-8] - BODY:
12:57:58.045 INFO  [http-nio-8080-exec-8] - **************************************************************
12:57:58.045 INFO  [http-nio-8080-exec-6] - **************************************************************
12:57:58.044 INFO  [http-nio-8080-exec-3] - 	sec-ch-ua-mobile:?0
12:57:58.045 INFO  [http-nio-8080-exec-4] - 	sec-fetch-dest:image
12:57:58.046 INFO  [http-nio-8080-exec-6] - HTTP REQUEST
12:57:58.046 INFO  [http-nio-8080-exec-4] - 	referer:http://localhost:8080/
12:57:58.046 INFO  [http-nio-8080-exec-3] - 	user-agent:Mozilla/5.0 (Windows NT 10.0; Win64; x64) AppleWebKit/537.36 (KHTML, like Gecko) Chrome/115.0.0.0 Safari/537.36
12:57:58.046 INFO  [http-nio-8080-exec-6] - 	GET http://localhost:8080/image/guarantee.png
12:57:58.046 INFO  [http-nio-8080-exec-6] - HEADER:
12:57:58.046 INFO  [http-nio-8080-exec-6] - 	host:localhost:8080
12:57:58.046 INFO  [http-nio-8080-exec-4] - 	accept-encoding:gzip, deflate, br
12:57:58.046 INFO  [http-nio-8080-exec-4] - 	accept-language:en-US,en;q=0.9
12:57:58.046 INFO  [http-nio-8080-exec-4] - 	cookie:Bearer=eyJhbGciOiJIUzM4NCJ9.eyJzdWIiOiJ1c2VyMSIsImlhdCI6MTY5MjA2MDgzMiwiZXhwIjoxNjkyNjY1NjMyfQ.vjHWgR6dd7Nd922my1MxL4Q73TYlNQgtPX4gVgq2XiyoNV2CB3nL0hvGLN_KxhV-
12:57:58.046 INFO  [http-nio-8080-exec-4] - BODY:
12:57:58.046 INFO  [http-nio-8080-exec-4] - **************************************************************
12:57:58.046 INFO  [http-nio-8080-exec-3] - 	sec-ch-ua-platform:"Windows"
12:57:58.046 INFO  [http-nio-8080-exec-3] - 	accept:image/avif,image/webp,image/apng,image/svg+xml,image/*,*/*;q=0.8
12:57:58.046 INFO  [http-nio-8080-exec-3] - 	sec-fetch-site:same-origin
12:57:58.047 INFO  [http-nio-8080-exec-3] - 	sec-fetch-mode:no-cors
12:57:58.046 INFO  [http-nio-8080-exec-6] - 	connection:keep-alive
12:57:58.047 INFO  [http-nio-8080-exec-3] - 	sec-fetch-dest:image
12:57:58.047 INFO  [http-nio-8080-exec-3] - 	referer:http://localhost:8080/
12:57:58.047 INFO  [http-nio-8080-exec-6] - 	sec-ch-ua:"Not/A)Brand";v="99", "Google Chrome";v="115", "Chromium";v="115"
12:57:58.047 INFO  [http-nio-8080-exec-6] - 	sec-ch-ua-mobile:?0
12:57:58.048 INFO  [http-nio-8080-exec-6] - 	user-agent:Mozilla/5.0 (Windows NT 10.0; Win64; x64) AppleWebKit/537.36 (KHTML, like Gecko) Chrome/115.0.0.0 Safari/537.36
12:57:58.048 INFO  [http-nio-8080-exec-3] - 	accept-encoding:gzip, deflate, br
12:57:58.048 INFO  [http-nio-8080-exec-6] - 	sec-ch-ua-platform:"Windows"
12:57:58.048 INFO  [http-nio-8080-exec-6] - 	accept:image/avif,image/webp,image/apng,image/svg+xml,image/*,*/*;q=0.8
12:57:58.048 INFO  [http-nio-8080-exec-6] - 	sec-fetch-site:same-origin
12:57:58.048 INFO  [http-nio-8080-exec-6] - 	sec-fetch-mode:no-cors
12:57:58.048 INFO  [http-nio-8080-exec-6] - 	sec-fetch-dest:image
12:57:58.048 INFO  [http-nio-8080-exec-6] - 	referer:http://localhost:8080/
12:57:58.048 INFO  [http-nio-8080-exec-6] - 	accept-encoding:gzip, deflate, br
12:57:58.048 INFO  [http-nio-8080-exec-6] - 	accept-language:en-US,en;q=0.9
12:57:58.048 INFO  [http-nio-8080-exec-6] - 	cookie:Bearer=eyJhbGciOiJIUzM4NCJ9.eyJzdWIiOiJ1c2VyMSIsImlhdCI6MTY5MjA2MDgzMiwiZXhwIjoxNjkyNjY1NjMyfQ.vjHWgR6dd7Nd922my1MxL4Q73TYlNQgtPX4gVgq2XiyoNV2CB3nL0hvGLN_KxhV-
12:57:58.048 INFO  [http-nio-8080-exec-6] - BODY:
12:57:58.048 INFO  [http-nio-8080-exec-6] - **************************************************************
12:57:58.049 INFO  [http-nio-8080-exec-3] - 	accept-language:en-US,en;q=0.9
12:57:58.049 INFO  [http-nio-8080-exec-3] - 	cookie:Bearer=eyJhbGciOiJIUzM4NCJ9.eyJzdWIiOiJ1c2VyMSIsImlhdCI6MTY5MjA2MDgzMiwiZXhwIjoxNjkyNjY1NjMyfQ.vjHWgR6dd7Nd922my1MxL4Q73TYlNQgtPX4gVgq2XiyoNV2CB3nL0hvGLN_KxhV-
12:57:58.049 INFO  [http-nio-8080-exec-3] - BODY:
12:57:58.049 INFO  [http-nio-8080-exec-3] - **************************************************************
12:57:58.066 INFO  [http-nio-8080-exec-5] - **************************************************************
12:57:58.066 INFO  [http-nio-8080-exec-5] - HTTP REQUEST
12:57:58.066 INFO  [http-nio-8080-exec-5] - 	GET http://localhost:8080/css/QGYsz_wNahGAdqQ43Rh_fKDp.woff2
12:57:58.066 INFO  [http-nio-8080-exec-5] - HEADER:
12:57:58.066 INFO  [http-nio-8080-exec-5] - 	host:localhost:8080
12:57:58.066 INFO  [http-nio-8080-exec-5] - 	connection:keep-alive
12:57:58.066 INFO  [http-nio-8080-exec-5] - 	sec-ch-ua:"Not/A)Brand";v="99", "Google Chrome";v="115", "Chromium";v="115"
12:57:58.066 INFO  [http-nio-8080-exec-7] - **************************************************************
12:57:58.066 INFO  [http-nio-8080-exec-7] - HTTP REQUEST
12:57:58.066 INFO  [http-nio-8080-exec-5] - 	origin:http://localhost:8080
12:57:58.066 INFO  [http-nio-8080-exec-7] - 	GET http://localhost:8080/image/quote1.png
12:57:58.066 INFO  [http-nio-8080-exec-5] - 	sec-ch-ua-mobile:?0
12:57:58.066 INFO  [http-nio-8080-exec-7] - HEADER:
12:57:58.066 INFO  [http-nio-8080-exec-5] - 	user-agent:Mozilla/5.0 (Windows NT 10.0; Win64; x64) AppleWebKit/537.36 (KHTML, like Gecko) Chrome/115.0.0.0 Safari/537.36
12:57:58.067 INFO  [http-nio-8080-exec-7] - 	host:localhost:8080
12:57:58.067 INFO  [http-nio-8080-exec-7] - 	connection:keep-alive
12:57:58.067 INFO  [http-nio-8080-exec-5] - 	sec-ch-ua-platform:"Windows"
12:57:58.067 INFO  [http-nio-8080-exec-7] - 	sec-ch-ua:"Not/A)Brand";v="99", "Google Chrome";v="115", "Chromium";v="115"
12:57:58.067 INFO  [http-nio-8080-exec-5] - 	accept:*/*
12:57:58.067 INFO  [http-nio-8080-exec-7] - 	sec-ch-ua-mobile:?0
12:57:58.067 INFO  [http-nio-8080-exec-5] - 	sec-fetch-site:same-origin
12:57:58.067 INFO  [http-nio-8080-exec-7] - 	user-agent:Mozilla/5.0 (Windows NT 10.0; Win64; x64) AppleWebKit/537.36 (KHTML, like Gecko) Chrome/115.0.0.0 Safari/537.36
12:57:58.067 INFO  [http-nio-8080-exec-7] - 	sec-ch-ua-platform:"Windows"
12:57:58.067 INFO  [http-nio-8080-exec-5] - 	sec-fetch-mode:cors
12:57:58.067 INFO  [http-nio-8080-exec-7] - 	accept:image/avif,image/webp,image/apng,image/svg+xml,image/*,*/*;q=0.8
12:57:58.067 INFO  [http-nio-8080-exec-5] - 	sec-fetch-dest:font
12:57:58.067 INFO  [http-nio-8080-exec-7] - 	sec-fetch-site:same-origin
12:57:58.067 INFO  [http-nio-8080-exec-5] - 	referer:http://localhost:8080/css/google-web-font.css
12:57:58.067 INFO  [http-nio-8080-exec-7] - 	sec-fetch-mode:no-cors
12:57:58.068 INFO  [http-nio-8080-exec-7] - 	sec-fetch-dest:image
12:57:58.068 INFO  [http-nio-8080-exec-5] - 	accept-encoding:gzip, deflate, br
12:57:58.068 INFO  [http-nio-8080-exec-7] - 	referer:http://localhost:8080/
12:57:58.068 INFO  [http-nio-8080-exec-7] - 	accept-encoding:gzip, deflate, br
12:57:58.068 INFO  [http-nio-8080-exec-5] - 	accept-language:en-US,en;q=0.9
12:57:58.068 INFO  [http-nio-8080-exec-7] - 	accept-language:en-US,en;q=0.9
12:57:58.068 INFO  [http-nio-8080-exec-7] - 	cookie:Bearer=eyJhbGciOiJIUzM4NCJ9.eyJzdWIiOiJ1c2VyMSIsImlhdCI6MTY5MjA2MDgzMiwiZXhwIjoxNjkyNjY1NjMyfQ.vjHWgR6dd7Nd922my1MxL4Q73TYlNQgtPX4gVgq2XiyoNV2CB3nL0hvGLN_KxhV-
12:57:58.068 INFO  [http-nio-8080-exec-5] - 	cookie:Bearer=eyJhbGciOiJIUzM4NCJ9.eyJzdWIiOiJ1c2VyMSIsImlhdCI6MTY5MjA2MDgzMiwiZXhwIjoxNjkyNjY1NjMyfQ.vjHWgR6dd7Nd922my1MxL4Q73TYlNQgtPX4gVgq2XiyoNV2CB3nL0hvGLN_KxhV-
12:57:58.068 INFO  [http-nio-8080-exec-7] - BODY:
12:57:58.068 INFO  [http-nio-8080-exec-5] - BODY:
12:57:58.068 INFO  [http-nio-8080-exec-7] - **************************************************************
12:57:58.068 INFO  [http-nio-8080-exec-5] - **************************************************************
